current directory: /Users/xiaoshenghuang/highredshift.github.io/vendor/bundle/ruby/3.4.0/gems/eventmachine-1.2.7/ext
/opt/homebrew/opt/ruby/bin/ruby extconf.rb --with-openssl-dir\=/opt/homebrew/opt/openssl@3 --with-cppflags\=-D_LIBCPP_DISABLE_AVAILABILITY\ -isysroot\ /Library/Developer/CommandLineTools/SDKs/MacOSX.sdk\ -mmacosx-version-min\=13.0 --with-cxxflags\=-std\=c++17\ -D_LIBCPP_DISABLE_AVAILABILITY\ -isysroot\ /Library/Developer/CommandLineTools/SDKs/MacOSX.sdk\ -mmacosx-version-min\=13.0
checking for pkg-config for openssl... not found
checking for -lcrypto... yes
checking for -lssl... yes
checking for openssl/ssl.h... yes
checking for openssl/err.h... yes
checking for rb_trap_immediate in ruby.h,rubysig.h... no
checking for rb_thread_blocking_region()... no
checking for rb_thread_call_without_gvl() in ruby/thread.h... yes
checking for rb_thread_fd_select()... yes
checking for rb_fdset_t in ruby/intern.h... yes
checking for rb_wait_for_single_fd()... yes
checking for rb_enable_interrupt()... no
checking for rb_time_new()... yes
checking for inotify_init() in sys/inotify.h... no
checking for __NR_inotify_init in sys/syscall.h... no
checking for writev() in sys/uio.h... yes
checking for pipe2() in unistd.h... no
checking for accept4() in sys/socket.h... no
checking for SOCK_CLOEXEC in sys/socket.h... no
checking for sys/event.h... yes
checking for sys/queue.h... yes
checking for clock_gettime()... yes
checking for CLOCK_MONOTONIC_RAW in time.h... yes
checking for CLOCK_MONOTONIC in time.h... yes
CXXFLAGS=-fdeclspec
creating Makefile

current directory: /Users/xiaoshenghuang/highredshift.github.io/vendor/bundle/ruby/3.4.0/gems/eventmachine-1.2.7/ext
make DESTDIR\= sitearchdir\=./.gem.20250901-66086-rnycyl sitelibdir\=./.gem.20250901-66086-rnycyl clean

current directory: /Users/xiaoshenghuang/highredshift.github.io/vendor/bundle/ruby/3.4.0/gems/eventmachine-1.2.7/ext
make DESTDIR\= sitearchdir\=./.gem.20250901-66086-rnycyl sitelibdir\=./.gem.20250901-66086-rnycyl
compiling binder.cpp
In file included from binder.cpp:20:
In file included from ./project.h:25:
In file included from /Library/Developer/CommandLineTools/SDKs/MacOSX.sdk/usr/include/c++/v1/iostream:42:
In file included from /Library/Developer/CommandLineTools/SDKs/MacOSX.sdk/usr/include/c++/v1/ios:218:
In file included from /Library/Developer/CommandLineTools/SDKs/MacOSX.sdk/usr/include/c++/v1/__fwd/ios.h:13:
In file included from /Library/Developer/CommandLineTools/SDKs/MacOSX.sdk/usr/include/c++/v1/__fwd/string.h:13:
/Library/Developer/CommandLineTools/SDKs/MacOSX.sdk/usr/include/c++/v1/__fwd/memory.h:18:1: error: expected identifier or '{'
_LIBCPP_BEGIN_NAMESPACE_STD
^
/Library/Developer/CommandLineTools/SDKs/MacOSX.sdk/usr/include/c++/v1/__config:596:81: note: expanded from macro '_LIBCPP_BEGIN_NAMESPACE_STD'
                                      namespace _LIBCPP_TYPE_VISIBILITY_DEFAULT std {                                  \
                                                                                ^
In file included from binder.cpp:20:
In file included from ./project.h:25:
In file included from /Library/Developer/CommandLineTools/SDKs/MacOSX.sdk/usr/include/c++/v1/iostream:42:
In file included from /Library/Developer/CommandLineTools/SDKs/MacOSX.sdk/usr/include/c++/v1/ios:218:
In file included from /Library/Developer/CommandLineTools/SDKs/MacOSX.sdk/usr/include/c++/v1/__fwd/ios.h:13:
In file included from /Library/Developer/CommandLineTools/SDKs/MacOSX.sdk/usr/include/c++/v1/__fwd/string.h:13:
/Library/Developer/CommandLineTools/SDKs/MacOSX.sdk/usr/include/c++/v1/__fwd/memory.h:18:1: error: C++ requires a type specifier for all declarations
/Library/Developer/CommandLineTools/SDKs/MacOSX.sdk/usr/include/c++/v1/__config:596:81: note: expanded from macro '_LIBCPP_BEGIN_NAMESPACE_STD'
                                      namespace _LIBCPP_TYPE_VISIBILITY_DEFAULT std {                                  \
                                                                                ^
In file included from binder.cpp:20:
In file included from ./project.h:25:
In file included from /Library/Developer/CommandLineTools/SDKs/MacOSX.sdk/usr/include/c++/v1/iostream:42:
In file included from /Library/Developer/CommandLineTools/SDKs/MacOSX.sdk/usr/include/c++/v1/ios:218:
In file included from /Library/Developer/CommandLineTools/SDKs/MacOSX.sdk/usr/include/c++/v1/__fwd/ios.h:13:
In file included from /Library/Developer/CommandLineTools/SDKs/MacOSX.sdk/usr/include/c++/v1/__fwd/string.h:13:
/Library/Developer/CommandLineTools/SDKs/MacOSX.sdk/usr/include/c++/v1/__fwd/memory.h:18:1: error: expected expression
/Library/Developer/CommandLineTools/SDKs/MacOSX.sdk/usr/include/c++/v1/__config:597:32: note: expanded from macro '_LIBCPP_BEGIN_NAMESPACE_STD'
                               inline namespace _LIBCPP_ABI_NAMESPACE {
                               ^
In file included from binder.cpp:20:
In file included from ./project.h:25:
In file included from /Library/Developer/CommandLineTools/SDKs/MacOSX.sdk/usr/include/c++/v1/iostream:42:
In file included from /Library/Developer/CommandLineTools/SDKs/MacOSX.sdk/usr/include/c++/v1/ios:218:
In file included from /Library/Developer/CommandLineTools/SDKs/MacOSX.sdk/usr/include/c++/v1/__fwd/ios.h:13:
In file included from /Library/Developer/CommandLineTools/SDKs/MacOSX.sdk/usr/include/c++/v1/__fwd/string.h:14:
/Library/Developer/CommandLineTools/SDKs/MacOSX.sdk/usr/include/c++/v1/__fwd/memory_resource.h:18:1: error: expected ';' after top level declarator
_LIBCPP_BEGIN_NAMESPACE_STD
^
/Library/Developer/CommandLineTools/SDKs/MacOSX.sdk/usr/include/c++/v1/__config:596:39: note: expanded from macro '_LIBCPP_BEGIN_NAMESPACE_STD'
                                      namespace _LIBCPP_TYPE_VISIBILITY_DEFAULT std {                                  \
                                      ^
In file included from binder.cpp:20:
In file included from ./project.h:25:
In file included from /Library/Developer/CommandLineTools/SDKs/MacOSX.sdk/usr/include/c++/v1/iostream:42:
In file included from /Library/Developer/CommandLineTools/SDKs/MacOSX.sdk/usr/include/c++/v1/ios:220:
In file included from /Library/Developer/CommandLineTools/SDKs/MacOSX.sdk/usr/include/c++/v1/__locale:15:
In file included from /Library/Developer/CommandLineTools/SDKs/MacOSX.sdk/usr/include/c++/v1/__memory/shared_ptr.h:13:
In file included from /Library/Developer/CommandLineTools/SDKs/MacOSX.sdk/usr/include/c++/v1/__compare/compare_three_way.h:13:
In file included from /Library/Developer/CommandLineTools/SDKs/MacOSX.sdk/usr/include/c++/v1/__compare/three_way_comparable.h:12:
In file included from /Library/Developer/CommandLineTools/SDKs/MacOSX.sdk/usr/include/c++/v1/__compare/common_comparison_category.h:12:
In file included from /Library/Developer/CommandLineTools/SDKs/MacOSX.sdk/usr/include/c++/v1/__compare/ordering.h:13:
/Library/Developer/CommandLineTools/SDKs/MacOSX.sdk/usr/include/c++/v1/__type_traits/enable_if.h:18:1: error: expected identifier or '{'
_LIBCPP_BEGIN_NAMESPACE_STD
^
/Library/Developer/CommandLineTools/SDKs/MacOSX.sdk/usr/include/c++/v1/__config:596:81: note: expanded from macro '_LIBCPP_BEGIN_NAMESPACE_STD'
                                      namespace _LIBCPP_TYPE_VISIBILITY_DEFAULT std {                                  \
                                                                                ^
In file included from binder.cpp:20:
In file included from ./project.h:25:
In file included from /Library/Developer/CommandLineTools/SDKs/MacOSX.sdk/usr/include/c++/v1/iostream:42:
In file included from /Library/Developer/CommandLineTools/SDKs/MacOSX.sdk/usr/include/c++/v1/ios:220:
In file included from /Library/Developer/CommandLineTools/SDKs/MacOSX.sdk/usr/include/c++/v1/__locale:15:
In file included from /Library/Developer/CommandLineTools/SDKs/MacOSX.sdk/usr/include/c++/v1/__memory/shared_ptr.h:13:
In file included from /Library/Developer/CommandLineTools/SDKs/MacOSX.sdk/usr/include/c++/v1/__compare/compare_three_way.h:13:
In file included from /Library/Developer/CommandLineTools/SDKs/MacOSX.sdk/usr/include/c++/v1/__compare/three_way_comparable.h:12:
In file included from /Library/Developer/CommandLineTools/SDKs/MacOSX.sdk/usr/include/c++/v1/__compare/common_comparison_category.h:12:
In file included from /Library/Developer/CommandLineTools/SDKs/MacOSX.sdk/usr/include/c++/v1/__compare/ordering.h:13:
/Library/Developer/CommandLineTools/SDKs/MacOSX.sdk/usr/include/c++/v1/__type_traits/enable_if.h:18:1: error: C++ requires a type specifier for all declarations
/Library/Developer/CommandLineTools/SDKs/MacOSX.sdk/usr/include/c++/v1/__config:596:81: note: expanded from macro '_LIBCPP_BEGIN_NAMESPACE_STD'
                                      namespace _LIBCPP_TYPE_VISIBILITY_DEFAULT std {                                  \
                                                                                ^
In file included from binder.cpp:20:
In file included from ./project.h:25:
In file included from /Library/Developer/CommandLineTools/SDKs/MacOSX.sdk/usr/include/c++/v1/iostream:42:
In file included from /Library/Developer/CommandLineTools/SDKs/MacOSX.sdk/usr/include/c++/v1/ios:220:
In file included from /Library/Developer/CommandLineTools/SDKs/MacOSX.sdk/usr/include/c++/v1/__locale:15:
In file included from /Library/Developer/CommandLineTools/SDKs/MacOSX.sdk/usr/include/c++/v1/__memory/shared_ptr.h:13:
In file included from /Library/Developer/CommandLineTools/SDKs/MacOSX.sdk/usr/include/c++/v1/__compare/compare_three_way.h:13:
In file included from /Library/Developer/CommandLineTools/SDKs/MacOSX.sdk/usr/include/c++/v1/__compare/three_way_comparable.h:12:
In file included from /Library/Developer/CommandLineTools/SDKs/MacOSX.sdk/usr/include/c++/v1/__compare/common_comparison_category.h:12:
In file included from /Library/Developer/CommandLineTools/SDKs/MacOSX.sdk/usr/include/c++/v1/__compare/ordering.h:13:
/Library/Developer/CommandLineTools/SDKs/MacOSX.sdk/usr/include/c++/v1/__type_traits/enable_if.h:18:1: error: expected expression
/Library/Developer/CommandLineTools/SDKs/MacOSX.sdk/usr/include/c++/v1/__config:597:32: note: expanded from macro '_LIBCPP_BEGIN_NAMESPACE_STD'
                               inline namespace _LIBCPP_ABI_NAMESPACE {
                               ^
In file included from binder.cpp:20:
In file included from ./project.h:25:
In file included from /Library/Developer/CommandLineTools/SDKs/MacOSX.sdk/usr/include/c++/v1/iostream:42:
In file included from /Library/Developer/CommandLineTools/SDKs/MacOSX.sdk/usr/include/c++/v1/ios:220:
In file included from /Library/Developer/CommandLineTools/SDKs/MacOSX.sdk/usr/include/c++/v1/__locale:15:
In file included from /Library/Developer/CommandLineTools/SDKs/MacOSX.sdk/usr/include/c++/v1/__memory/shared_ptr.h:13:
In file included from /Library/Developer/CommandLineTools/SDKs/MacOSX.sdk/usr/include/c++/v1/__compare/compare_three_way.h:13:
In file included from /Library/Developer/CommandLineTools/SDKs/MacOSX.sdk/usr/include/c++/v1/__compare/three_way_comparable.h:12:
In file included from /Library/Developer/CommandLineTools/SDKs/MacOSX.sdk/usr/include/c++/v1/__compare/common_comparison_category.h:12:
In file included from /Library/Developer/CommandLineTools/SDKs/MacOSX.sdk/usr/include/c++/v1/__compare/ordering.h:14:
In file included from /Library/Developer/CommandLineTools/SDKs/MacOSX.sdk/usr/include/c++/v1/__type_traits/is_same.h:13:
/Library/Developer/CommandLineTools/SDKs/MacOSX.sdk/usr/include/c++/v1/__type_traits/integral_constant.h:18:1: error: expected ';' after top level declarator
_LIBCPP_BEGIN_NAMESPACE_STD
^
/Library/Developer/CommandLineTools/SDKs/MacOSX.sdk/usr/include/c++/v1/__config:596:39: note: expanded from macro '_LIBCPP_BEGIN_NAMESPACE_STD'
                                      namespace _LIBCPP_TYPE_VISIBILITY_DEFAULT std {                                  \
                                      ^
In file included from binder.cpp:20:
In file included from ./project.h:25:
In file included from /Library/Developer/CommandLineTools/SDKs/MacOSX.sdk/usr/include/c++/v1/iostream:42:
In file included from /Library/Developer/CommandLineTools/SDKs/MacOSX.sdk/usr/include/c++/v1/ios:220:
In file included from /Library/Developer/CommandLineTools/SDKs/MacOSX.sdk/usr/include/c++/v1/__locale:15:
In file included from /Library/Developer/CommandLineTools/SDKs/MacOSX.sdk/usr/include/c++/v1/__memory/shared_ptr.h:13:
In file included from /Library/Developer/CommandLineTools/SDKs/MacOSX.sdk/usr/include/c++/v1/__compare/compare_three_way.h:13:
In file included from /Library/Developer/CommandLineTools/SDKs/MacOSX.sdk/usr/include/c++/v1/__compare/three_way_comparable.h:12:
In file included from /Library/Developer/CommandLineTools/SDKs/MacOSX.sdk/usr/include/c++/v1/__compare/common_comparison_category.h:15:
In file included from /Library/Developer/CommandLineTools/SDKs/MacOSX.sdk/usr/include/c++/v1/cstddef:53:
In file included from /Library/Developer/CommandLineTools/SDKs/MacOSX.sdk/usr/include/c++/v1/__cstddef/byte.h:13:
/Library/Developer/CommandLineTools/SDKs/MacOSX.sdk/usr/include/c++/v1/__fwd/byte.h:19:11: error: redefinition of 'std' as different kind of symbol
namespace std { // purposefully not versioned
          ^
/Library/Developer/CommandLineTools/SDKs/MacOSX.sdk/usr/include/c++/v1/__type_traits/enable_if.h:18:1: note: previous definition is here
_LIBCPP_BEGIN_NAMESPACE_STD
^
/Library/Developer/CommandLineTools/SDKs/MacOSX.sdk/usr/include/c++/v1/__config:596:81: note: expanded from macro '_LIBCPP_BEGIN_NAMESPACE_STD'
                                      namespace _LIBCPP_TYPE_VISIBILITY_DEFAULT std {                                  \
                                                                                ^
In file included from binder.cpp:20:
In file included from ./project.h:25:
In file included from /Library/Developer/CommandLineTools/SDKs/MacOSX.sdk/usr/include/c++/v1/iostream:42:
In file included from /Library/Developer/CommandLineTools/SDKs/MacOSX.sdk/usr/include/c++/v1/ios:220:
In file included from /Library/Developer/CommandLineTools/SDKs/MacOSX.sdk/usr/include/c++/v1/__locale:15:
In file included from /Library/Developer/CommandLineTools/SDKs/MacOSX.sdk/usr/include/c++/v1/__memory/shared_ptr.h:13:
In file included from /Library/Developer/CommandLineTools/SDKs/MacOSX.sdk/usr/include/c++/v1/__compare/compare_three_way.h:13:
In file included from /Library/Developer/CommandLineTools/SDKs/MacOSX.sdk/usr/include/c++/v1/__compare/three_way_comparable.h:12:
In file included from /Library/Developer/CommandLineTools/SDKs/MacOSX.sdk/usr/include/c++/v1/__compare/common_comparison_category.h:15:
In file included from /Library/Developer/CommandLineTools/SDKs/MacOSX.sdk/usr/include/c++/v1/cstddef:53:
In file included from /Library/Developer/CommandLineTools/SDKs/MacOSX.sdk/usr/include/c++/v1/__cstddef/byte.h:15:
In file included from /Library/Developer/CommandLineTools/SDKs/MacOSX.sdk/usr/include/c++/v1/__type_traits/is_integral.h:14:
In file included from /Library/Developer/CommandLineTools/SDKs/MacOSX.sdk/usr/include/c++/v1/__type_traits/remove_cv.h:13:
/Library/Developer/CommandLineTools/SDKs/MacOSX.sdk/usr/include/c++/v1/__type_traits/remove_const.h:18:1: error: expected identifier or '{'
_LIBCPP_BEGIN_NAMESPACE_STD
^
/Library/Developer/CommandLineTools/SDKs/MacOSX.sdk/usr/include/c++/v1/__config:596:81: note: expanded from macro '_LIBCPP_BEGIN_NAMESPACE_STD'
                                      namespace _LIBCPP_TYPE_VISIBILITY_DEFAULT std {                                  \
                                                                                ^
In file included from binder.cpp:20:
In file included from ./project.h:25:
In file included from /Library/Developer/CommandLineTools/SDKs/MacOSX.sdk/usr/include/c++/v1/iostream:42:
In file included from /Library/Developer/CommandLineTools/SDKs/MacOSX.sdk/usr/include/c++/v1/ios:220:
In file included from /Library/Developer/CommandLineTools/SDKs/MacOSX.sdk/usr/include/c++/v1/__locale:15:
In file included from /Library/Developer/CommandLineTools/SDKs/MacOSX.sdk/usr/include/c++/v1/__memory/shared_ptr.h:13:
In file included from /Library/Developer/CommandLineTools/SDKs/MacOSX.sdk/usr/include/c++/v1/__compare/compare_three_way.h:13:
In file included from /Library/Developer/CommandLineTools/SDKs/MacOSX.sdk/usr/include/c++/v1/__compare/three_way_comparable.h:12:
In file included from /Library/Developer/CommandLineTools/SDKs/MacOSX.sdk/usr/include/c++/v1/__compare/common_comparison_category.h:15:
In file included from /Library/Developer/CommandLineTools/SDKs/MacOSX.sdk/usr/include/c++/v1/cstddef:53:
In file included from /Library/Developer/CommandLineTools/SDKs/MacOSX.sdk/usr/include/c++/v1/__cstddef/byte.h:15:
In file included from /Library/Developer/CommandLineTools/SDKs/MacOSX.sdk/usr/include/c++/v1/__type_traits/is_integral.h:14:
In file included from /Library/Developer/CommandLineTools/SDKs/MacOSX.sdk/usr/include/c++/v1/__type_traits/remove_cv.h:13:
/Library/Developer/CommandLineTools/SDKs/MacOSX.sdk/usr/include/c++/v1/__type_traits/remove_const.h:18:1: error: C++ requires a type specifier for all declarations
/Library/Developer/CommandLineTools/SDKs/MacOSX.sdk/usr/include/c++/v1/__config:596:81: note: expanded from macro '_LIBCPP_BEGIN_NAMESPACE_STD'
                                      namespace _LIBCPP_TYPE_VISIBILITY_DEFAULT std {                                  \
                                                                                ^
In file included from binder.cpp:20:
In file included from ./project.h:25:
In file included from /Library/Developer/CommandLineTools/SDKs/MacOSX.sdk/usr/include/c++/v1/iostream:42:
In file included from /Library/Developer/CommandLineTools/SDKs/MacOSX.sdk/usr/include/c++/v1/ios:220:
In file included from /Library/Developer/CommandLineTools/SDKs/MacOSX.sdk/usr/include/c++/v1/__locale:15:
In file included from /Library/Developer/CommandLineTools/SDKs/MacOSX.sdk/usr/include/c++/v1/__memory/shared_ptr.h:13:
In file included from /Library/Developer/CommandLineTools/SDKs/MacOSX.sdk/usr/include/c++/v1/__compare/compare_three_way.h:13:
In file included from /Library/Developer/CommandLineTools/SDKs/MacOSX.sdk/usr/include/c++/v1/__compare/three_way_comparable.h:12:
In file included from /Library/Developer/CommandLineTools/SDKs/MacOSX.sdk/usr/include/c++/v1/__compare/common_comparison_category.h:15:
In file included from /Library/Developer/CommandLineTools/SDKs/MacOSX.sdk/usr/include/c++/v1/cstddef:53:
In file included from /Library/Developer/CommandLineTools/SDKs/MacOSX.sdk/usr/include/c++/v1/__cstddef/byte.h:15:
In file included from /Library/Developer/CommandLineTools/SDKs/MacOSX.sdk/usr/include/c++/v1/__type_traits/is_integral.h:14:
In file included from /Library/Developer/CommandLineTools/SDKs/MacOSX.sdk/usr/include/c++/v1/__type_traits/remove_cv.h:13:
/Library/Developer/CommandLineTools/SDKs/MacOSX.sdk/usr/include/c++/v1/__type_traits/remove_const.h:18:1: error: expected expression
/Library/Developer/CommandLineTools/SDKs/MacOSX.sdk/usr/include/c++/v1/__config:597:32: note: expanded from macro '_LIBCPP_BEGIN_NAMESPACE_STD'
                               inline namespace _LIBCPP_ABI_NAMESPACE {
                               ^
In file included from binder.cpp:20:
In file included from ./project.h:25:
In file included from /Library/Developer/CommandLineTools/SDKs/MacOSX.sdk/usr/include/c++/v1/iostream:42:
In file included from /Library/Developer/CommandLineTools/SDKs/MacOSX.sdk/usr/include/c++/v1/ios:220:
In file included from /Library/Developer/CommandLineTools/SDKs/MacOSX.sdk/usr/include/c++/v1/__locale:15:
In file included from /Library/Developer/CommandLineTools/SDKs/MacOSX.sdk/usr/include/c++/v1/__memory/shared_ptr.h:13:
In file included from /Library/Developer/CommandLineTools/SDKs/MacOSX.sdk/usr/include/c++/v1/__compare/compare_three_way.h:13:
In file included from /Library/Developer/CommandLineTools/SDKs/MacOSX.sdk/usr/include/c++/v1/__compare/three_way_comparable.h:12:
In file included from /Library/Developer/CommandLineTools/SDKs/MacOSX.sdk/usr/include/c++/v1/__compare/common_comparison_category.h:15:
In file included from /Library/Developer/CommandLineTools/SDKs/MacOSX.sdk/usr/include/c++/v1/cstddef:53:
In file included from /Library/Developer/CommandLineTools/SDKs/MacOSX.sdk/usr/include/c++/v1/__cstddef/byte.h:15:
In file included from /Library/Developer/CommandLineTools/SDKs/MacOSX.sdk/usr/include/c++/v1/__type_traits/is_integral.h:14:
In file included from /Library/Developer/CommandLineTools/SDKs/MacOSX.sdk/usr/include/c++/v1/__type_traits/remove_cv.h:14:
/Library/Developer/CommandLineTools/SDKs/MacOSX.sdk/usr/include/c++/v1/__type_traits/remove_volatile.h:18:1: error: expected ';' after top level declarator
_LIBCPP_BEGIN_NAMESPACE_STD
^
/Library/Developer/CommandLineTools/SDKs/MacOSX.sdk/usr/include/c++/v1/__config:596:39: note: expanded from macro '_LIBCPP_BEGIN_NAMESPACE_STD'
                                      namespace _LIBCPP_TYPE_VISIBILITY_DEFAULT std {                                  \
                                      ^
In file included from binder.cpp:20:
In file included from ./project.h:25:
In file included from /Library/Developer/CommandLineTools/SDKs/MacOSX.sdk/usr/include/c++/v1/iostream:42:
In file included from /Library/Developer/CommandLineTools/SDKs/MacOSX.sdk/usr/include/c++/v1/ios:220:
In file included from /Library/Developer/CommandLineTools/SDKs/MacOSX.sdk/usr/include/c++/v1/__locale:15:
In file included from /Library/Developer/CommandLineTools/SDKs/MacOSX.sdk/usr/include/c++/v1/__memory/shared_ptr.h:13:
In file included from /Library/Developer/CommandLineTools/SDKs/MacOSX.sdk/usr/include/c++/v1/__compare/compare_three_way.h:13:
In file included from /Library/Developer/CommandLineTools/SDKs/MacOSX.sdk/usr/include/c++/v1/__compare/three_way_comparable.h:14:
In file included from /Library/Developer/CommandLineTools/SDKs/MacOSX.sdk/usr/include/c++/v1/__concepts/common_reference_with.h:15:
In file included from /Library/Developer/CommandLineTools/SDKs/MacOSX.sdk/usr/include/c++/v1/__type_traits/common_reference.h:13:
In file included from /Library/Developer/CommandLineTools/SDKs/MacOSX.sdk/usr/include/c++/v1/__type_traits/common_type.h:14:
In file included from /Library/Developer/CommandLineTools/SDKs/MacOSX.sdk/usr/include/c++/v1/__type_traits/decay.h:13:
In file included from /Library/Developer/CommandLineTools/SDKs/MacOSX.sdk/usr/include/c++/v1/__type_traits/add_pointer.h:15:
/Library/Developer/CommandLineTools/SDKs/MacOSX.sdk/usr/include/c++/v1/__type_traits/remove_reference.h:37:4: error: "remove_reference not implemented!"
#  error "remove_reference not implemented!"
   ^
In file included from binder.cpp:20:
In file included from ./project.h:25:
In file included from /Library/Developer/CommandLineTools/SDKs/MacOSX.sdk/usr/include/c++/v1/iostream:42:
In file included from /Library/Developer/CommandLineTools/SDKs/MacOSX.sdk/usr/include/c++/v1/ios:220:
In file included from /Library/Developer/CommandLineTools/SDKs/MacOSX.sdk/usr/include/c++/v1/__locale:15:
In file included from /Library/Developer/CommandLineTools/SDKs/MacOSX.sdk/usr/include/c++/v1/__memory/shared_ptr.h:23:
In file included from /Library/Developer/CommandLineTools/SDKs/MacOSX.sdk/usr/include/c++/v1/__memory/allocation_guard.h:15:
In file included from /Library/Developer/CommandLineTools/SDKs/MacOSX.sdk/usr/include/c++/v1/__memory/allocator_traits.h:14:
In file included from /Library/Developer/CommandLineTools/SDKs/MacOSX.sdk/usr/include/c++/v1/__memory/construct_at.h:23:
In file included from /Library/Developer/CommandLineTools/SDKs/MacOSX.sdk/usr/include/c++/v1/new:96:
In file included from /Library/Developer/CommandLineTools/SDKs/MacOSX.sdk/usr/include/c++/v1/stdlib.h:94:
In file included from /Library/Developer/CommandLineTools/SDKs/MacOSX.sdk/usr/include/stdlib.h:58:
In file included from /Library/Developer/CommandLineTools/SDKs/MacOSX.sdk/usr/include/_stdlib.h:70:
/Library/Developer/CommandLineTools/SDKs/MacOSX.sdk/usr/include/sys/wait.h:249:16: error: unknown type name 'idtype_t'
int     waitid(idtype_t, id_t, siginfo_t *, int) __DARWIN_ALIAS_C(waitid);
               ^
In file included from binder.cpp:20:
In file included from ./project.h:25:
In file included from /Library/Developer/CommandLineTools/SDKs/MacOSX.sdk/usr/include/c++/v1/iostream:42:
In file included from /Library/Developer/CommandLineTools/SDKs/MacOSX.sdk/usr/include/c++/v1/ios:220:
In file included from /Library/Developer/CommandLineTools/SDKs/MacOSX.sdk/usr/include/c++/v1/__locale:15:
In file included from /Library/Developer/CommandLineTools/SDKs/MacOSX.sdk/usr/include/c++/v1/__memory/shared_ptr.h:23:
In file included from /Library/Developer/CommandLineTools/SDKs/MacOSX.sdk/usr/include/c++/v1/__memory/allocation_guard.h:15:
In file included from /Library/Developer/CommandLineTools/SDKs/MacOSX.sdk/usr/include/c++/v1/__memory/allocator_traits.h:14:
In file included from /Library/Developer/CommandLineTools/SDKs/MacOSX.sdk/usr/include/c++/v1/__memory/construct_at.h:23:
/Library/Developer/CommandLineTools/SDKs/MacOSX.sdk/usr/include/c++/v1/new:119:11: error: redefinition of 'std' as different kind of symbol
namespace std // purposefully not using versioning namespace
          ^
/Library/Developer/CommandLineTools/SDKs/MacOSX.sdk/usr/include/c++/v1/__type_traits/enable_if.h:18:1: note: previous definition is here
_LIBCPP_BEGIN_NAMESPACE_STD
^
/Library/Developer/CommandLineTools/SDKs/MacOSX.sdk/usr/include/c++/v1/__config:596:81: note: expanded from macro '_LIBCPP_BEGIN_NAMESPACE_STD'
                                      namespace _LIBCPP_TYPE_VISIBILITY_DEFAULT std {                                  \
                                                                                ^
In file included from binder.cpp:20:
In file included from ./project.h:25:
In file included from /Library/Developer/CommandLineTools/SDKs/MacOSX.sdk/usr/include/c++/v1/iostream:42:
In file included from /Library/Developer/CommandLineTools/SDKs/MacOSX.sdk/usr/include/c++/v1/ios:220:
In file included from /Library/Developer/CommandLineTools/SDKs/MacOSX.sdk/usr/include/c++/v1/__locale:15:
In file included from /Library/Developer/CommandLineTools/SDKs/MacOSX.sdk/usr/include/c++/v1/__memory/shared_ptr.h:23:
In file included from /Library/Developer/CommandLineTools/SDKs/MacOSX.sdk/usr/include/c++/v1/__memory/allocation_guard.h:15:
In file included from /Library/Developer/CommandLineTools/SDKs/MacOSX.sdk/usr/include/c++/v1/__memory/allocator_traits.h:14:
In file included from /Library/Developer/CommandLineTools/SDKs/MacOSX.sdk/usr/include/c++/v1/__memory/construct_at.h:23:
/Library/Developer/CommandLineTools/SDKs/MacOSX.sdk/usr/include/c++/v1/new:128:52: error: expected class name
class _LIBCPP_EXPORTED_FROM_ABI bad_alloc : public exception {
                                                   ^
/Library/Developer/CommandLineTools/SDKs/MacOSX.sdk/usr/include/c++/v1/new:133:26: error: only virtual member functions can be marked 'override'
  ~bad_alloc() _NOEXCEPT override;
                         ^
/Library/Developer/CommandLineTools/SDKs/MacOSX.sdk/usr/include/c++/v1/new:134:38: error: only virtual member functions can be marked 'override'
  const char* what() const _NOEXCEPT override;
                                     ^
fatal error: too many errors emitted, stopping now [-ferror-limit=]
20 errors generated.
make: *** [binder.o] Error 1

make failed, exit code 2
